--------------------------------------------------------------------------------
Release 14.7 Trace  (nt64)
Copyright (c) 1995-2013 Xilinx, Inc.  All rights reserved.

C:\Xilinx\14.7\ISE_DS\ISE\bin\nt64\unwrapped\trce.exe -intstyle ise -v 3 -s 2
-n 3 -fastpaths -xml RAM32X32S.twx RAM32X32S.ncd -o RAM32X32S.twr RAM32X32S.pcf

Design file:              RAM32X32S.ncd
Physical constraint file: RAM32X32S.pcf
Device,package,speed:     xc6slx25,ftg256,C,-2 (PRODUCTION 1.23 2013-10-13)
Report level:             verbose report

Environment Variable      Effect 
--------------------      ------ 
NONE                      No environment variables were set
--------------------------------------------------------------------------------

INFO:Timing:2698 - No timing constraints found, doing default enumeration.
INFO:Timing:3412 - To improve timing, see the Timing Closure User Guide (UG612).
INFO:Timing:2752 - To get complete path coverage, use the unconstrained paths 
   option. All paths that are not constrained will be reported in the 
   unconstrained paths section(s) of the report.
INFO:Timing:3339 - The clock-to-out numbers in this timing report are based on 
   a 50 Ohm transmission line loading model.  For the details of this model, 
   and for more information on accounting for different loading conditions, 
   please see the device datasheet.



Data Sheet report:
-----------------
All values displayed in nanoseconds (ns)

Setup/Hold to clock CLK
------------+------------+------------+------------+------------+------------------+--------+
            |Max Setup to|  Process   |Max Hold to |  Process   |                  | Clock  |
Source      | clk (edge) |   Corner   | clk (edge) |   Corner   |Internal Clock(s) | Phase  |
------------+------------+------------+------------+------------+------------------+--------+
ADD<0>      |    3.033(R)|      SLOW  |    0.393(R)|      SLOW  |CLK_BUFGP         |   0.000|
ADD<1>      |    3.263(R)|      SLOW  |    0.134(R)|      SLOW  |CLK_BUFGP         |   0.000|
ADD<2>      |    2.140(R)|      SLOW  |    0.223(R)|      SLOW  |CLK_BUFGP         |   0.000|
ADD<3>      |    2.623(R)|      SLOW  |    0.415(R)|      SLOW  |CLK_BUFGP         |   0.000|
ADD<4>      |    2.601(R)|      SLOW  |    0.356(R)|      SLOW  |CLK_BUFGP         |   0.000|
D<0>        |    3.599(R)|      SLOW  |   -1.570(R)|      FAST  |CLK_BUFGP         |   0.000|
D<1>        |    3.311(R)|      SLOW  |   -1.493(R)|      FAST  |CLK_BUFGP         |   0.000|
D<2>        |    3.688(R)|      SLOW  |   -1.678(R)|      FAST  |CLK_BUFGP         |   0.000|
D<3>        |    3.377(R)|      SLOW  |   -1.500(R)|      FAST  |CLK_BUFGP         |   0.000|
D<4>        |    3.527(R)|      SLOW  |   -1.563(R)|      FAST  |CLK_BUFGP         |   0.000|
D<5>        |    2.985(R)|      SLOW  |   -1.281(R)|      FAST  |CLK_BUFGP         |   0.000|
D<6>        |    2.585(R)|      SLOW  |   -0.992(R)|      FAST  |CLK_BUFGP         |   0.000|
D<7>        |    2.489(R)|      SLOW  |   -0.946(R)|      FAST  |CLK_BUFGP         |   0.000|
D<8>        |    2.899(R)|      SLOW  |   -1.140(R)|      FAST  |CLK_BUFGP         |   0.000|
D<9>        |    2.457(R)|      SLOW  |   -0.928(R)|      FAST  |CLK_BUFGP         |   0.000|
D<10>       |    2.838(R)|      SLOW  |   -1.112(R)|      FAST  |CLK_BUFGP         |   0.000|
D<11>       |    2.250(R)|      SLOW  |   -0.818(R)|      FAST  |CLK_BUFGP         |   0.000|
D<12>       |    2.647(R)|      SLOW  |   -1.052(R)|      FAST  |CLK_BUFGP         |   0.000|
D<13>       |    2.231(R)|      SLOW  |   -0.811(R)|      FAST  |CLK_BUFGP         |   0.000|
D<14>       |    2.347(R)|      SLOW  |   -0.808(R)|      FAST  |CLK_BUFGP         |   0.000|
D<15>       |    2.052(R)|      SLOW  |   -0.674(R)|      FAST  |CLK_BUFGP         |   0.000|
D<16>       |    2.225(R)|      SLOW  |   -0.778(R)|      FAST  |CLK_BUFGP         |   0.000|
D<17>       |    2.231(R)|      SLOW  |   -0.834(R)|      FAST  |CLK_BUFGP         |   0.000|
D<18>       |    2.217(R)|      SLOW  |   -0.710(R)|      FAST  |CLK_BUFGP         |   0.000|
D<19>       |    2.185(R)|      SLOW  |   -0.797(R)|      FAST  |CLK_BUFGP         |   0.000|
D<20>       |    2.082(R)|      SLOW  |   -0.662(R)|      FAST  |CLK_BUFGP         |   0.000|
D<21>       |    1.954(R)|      SLOW  |   -0.587(R)|      FAST  |CLK_BUFGP         |   0.000|
D<22>       |    1.997(R)|      SLOW  |   -0.561(R)|      FAST  |CLK_BUFGP         |   0.000|
D<23>       |    1.924(R)|      SLOW  |   -0.540(R)|      FAST  |CLK_BUFGP         |   0.000|
D<24>       |    1.594(R)|      SLOW  |   -0.269(R)|      FAST  |CLK_BUFGP         |   0.000|
D<25>       |    1.282(R)|      SLOW  |   -0.062(R)|      SLOW  |CLK_BUFGP         |   0.000|
D<26>       |    1.725(R)|      SLOW  |   -0.353(R)|      FAST  |CLK_BUFGP         |   0.000|
D<27>       |    1.598(R)|      SLOW  |   -0.348(R)|      FAST  |CLK_BUFGP         |   0.000|
D<28>       |    1.826(R)|      SLOW  |   -0.429(R)|      FAST  |CLK_BUFGP         |   0.000|
D<29>       |    1.427(R)|      SLOW  |   -0.191(R)|      FAST  |CLK_BUFGP         |   0.000|
D<30>       |    0.558(R)|      SLOW  |    0.629(R)|      SLOW  |CLK_BUFGP         |   0.000|
D<31>       |    0.909(R)|      SLOW  |    0.291(R)|      SLOW  |CLK_BUFGP         |   0.000|
WE          |    2.655(R)|      SLOW  |    0.412(R)|      SLOW  |CLK_BUFGP         |   0.000|
------------+------------+------------+------------+------------+------------------+--------+

Clock CLK to Pad
------------+-----------------+------------+-----------------+------------+------------------+--------+
            |Max (slowest) clk|  Process   |Min (fastest) clk|  Process   |                  | Clock  |
Destination |  (edge) to PAD  |   Corner   |  (edge) to PAD  |   Corner   |Internal Clock(s) | Phase  |
------------+-----------------+------------+-----------------+------------+------------------+--------+
DO<0>       |         9.623(R)|      SLOW  |         3.835(R)|      FAST  |CLK_BUFGP         |   0.000|
DO<1>       |         9.206(R)|      SLOW  |         3.605(R)|      FAST  |CLK_BUFGP         |   0.000|
DO<2>       |         9.765(R)|      SLOW  |         3.901(R)|      FAST  |CLK_BUFGP         |   0.000|
DO<3>       |         9.689(R)|      SLOW  |         3.822(R)|      FAST  |CLK_BUFGP         |   0.000|
DO<4>       |         9.915(R)|      SLOW  |         3.991(R)|      FAST  |CLK_BUFGP         |   0.000|
DO<5>       |         9.864(R)|      SLOW  |         3.945(R)|      FAST  |CLK_BUFGP         |   0.000|
DO<6>       |        10.416(R)|      SLOW  |         4.354(R)|      FAST  |CLK_BUFGP         |   0.000|
DO<7>       |        10.531(R)|      SLOW  |         4.382(R)|      FAST  |CLK_BUFGP         |   0.000|
DO<8>       |        10.576(R)|      SLOW  |         4.365(R)|      FAST  |CLK_BUFGP         |   0.000|
DO<9>       |        10.692(R)|      SLOW  |         4.405(R)|      FAST  |CLK_BUFGP         |   0.000|
DO<10>      |        10.762(R)|      SLOW  |         4.477(R)|      FAST  |CLK_BUFGP         |   0.000|
DO<11>      |        10.712(R)|      SLOW  |         4.432(R)|      FAST  |CLK_BUFGP         |   0.000|
DO<12>      |        11.121(R)|      SLOW  |         4.704(R)|      FAST  |CLK_BUFGP         |   0.000|
DO<13>      |        11.000(R)|      SLOW  |         4.621(R)|      FAST  |CLK_BUFGP         |   0.000|
DO<14>      |        10.906(R)|      SLOW  |         4.628(R)|      FAST  |CLK_BUFGP         |   0.000|
DO<15>      |        10.753(R)|      SLOW  |         4.474(R)|      FAST  |CLK_BUFGP         |   0.000|
DO<16>      |        11.067(R)|      SLOW  |         4.640(R)|      FAST  |CLK_BUFGP         |   0.000|
DO<17>      |        11.030(R)|      SLOW  |         4.587(R)|      FAST  |CLK_BUFGP         |   0.000|
DO<18>      |        11.253(R)|      SLOW  |         4.752(R)|      FAST  |CLK_BUFGP         |   0.000|
DO<19>      |        11.203(R)|      SLOW  |         4.707(R)|      FAST  |CLK_BUFGP         |   0.000|
DO<20>      |        11.514(R)|      SLOW  |         4.893(R)|      FAST  |CLK_BUFGP         |   0.000|
DO<21>      |        11.429(R)|      SLOW  |         4.834(R)|      FAST  |CLK_BUFGP         |   0.000|
DO<22>      |        11.488(R)|      SLOW  |         4.887(R)|      FAST  |CLK_BUFGP         |   0.000|
DO<23>      |        11.734(R)|      SLOW  |         4.997(R)|      FAST  |CLK_BUFGP         |   0.000|
DO<24>      |        11.537(R)|      SLOW  |         4.894(R)|      FAST  |CLK_BUFGP         |   0.000|
DO<25>      |        11.794(R)|      SLOW  |         5.029(R)|      FAST  |CLK_BUFGP         |   0.000|
DO<26>      |        11.766(R)|      SLOW  |         5.056(R)|      FAST  |CLK_BUFGP         |   0.000|
DO<27>      |        11.743(R)|      SLOW  |         5.022(R)|      FAST  |CLK_BUFGP         |   0.000|
DO<28>      |        11.617(R)|      SLOW  |         4.977(R)|      FAST  |CLK_BUFGP         |   0.000|
DO<29>      |        11.939(R)|      SLOW  |         5.145(R)|      FAST  |CLK_BUFGP         |   0.000|
DO<30>      |        11.962(R)|      SLOW  |         5.150(R)|      FAST  |CLK_BUFGP         |   0.000|
DO<31>      |        12.091(R)|      SLOW  |         5.194(R)|      FAST  |CLK_BUFGP         |   0.000|
------------+-----------------+------------+-----------------+------------+------------------+--------+

Pad to Pad
---------------+---------------+---------+
Source Pad     |Destination Pad|  Delay  |
---------------+---------------+---------+
ADD<0>         |DO<0>          |    9.164|
ADD<0>         |DO<1>          |    8.744|
ADD<0>         |DO<2>          |    9.234|
ADD<0>         |DO<3>          |    9.111|
ADD<0>         |DO<4>          |    9.688|
ADD<0>         |DO<5>          |    9.592|
ADD<0>         |DO<6>          |   11.229|
ADD<0>         |DO<7>          |   11.341|
ADD<0>         |DO<8>          |   11.126|
ADD<0>         |DO<9>          |   11.195|
ADD<0>         |DO<10>         |   11.631|
ADD<0>         |DO<11>         |   11.536|
ADD<0>         |DO<12>         |   12.185|
ADD<0>         |DO<13>         |   12.064|
ADD<0>         |DO<14>         |   12.454|
ADD<0>         |DO<15>         |   12.298|
ADD<0>         |DO<16>         |   12.706|
ADD<0>         |DO<17>         |   12.622|
ADD<0>         |DO<18>         |   12.540|
ADD<0>         |DO<19>         |   12.445|
ADD<0>         |DO<20>         |   13.136|
ADD<0>         |DO<21>         |   13.051|
ADD<0>         |DO<22>         |   13.196|
ADD<0>         |DO<23>         |   13.439|
ADD<0>         |DO<24>         |   12.951|
ADD<0>         |DO<25>         |   13.161|
ADD<0>         |DO<26>         |   13.414|
ADD<0>         |DO<27>         |   13.346|
ADD<0>         |DO<28>         |   13.125|
ADD<0>         |DO<29>         |   13.447|
ADD<0>         |DO<30>         |   11.509|
ADD<0>         |DO<31>         |   11.638|
ADD<1>         |DO<0>          |    9.196|
ADD<1>         |DO<1>          |    8.776|
ADD<1>         |DO<2>          |    9.483|
ADD<1>         |DO<3>          |    9.360|
ADD<1>         |DO<4>          |    9.688|
ADD<1>         |DO<5>          |    9.592|
ADD<1>         |DO<6>          |   11.154|
ADD<1>         |DO<7>          |   11.266|
ADD<1>         |DO<8>          |   11.275|
ADD<1>         |DO<9>          |   11.344|
ADD<1>         |DO<10>         |   11.741|
ADD<1>         |DO<11>         |   11.646|
ADD<1>         |DO<12>         |   12.098|
ADD<1>         |DO<13>         |   11.977|
ADD<1>         |DO<14>         |   12.307|
ADD<1>         |DO<15>         |   12.151|
ADD<1>         |DO<16>         |   12.429|
ADD<1>         |DO<17>         |   12.345|
ADD<1>         |DO<18>         |   12.465|
ADD<1>         |DO<19>         |   12.370|
ADD<1>         |DO<20>         |   12.768|
ADD<1>         |DO<21>         |   12.683|
ADD<1>         |DO<22>         |   13.093|
ADD<1>         |DO<23>         |   13.336|
ADD<1>         |DO<24>         |   13.287|
ADD<1>         |DO<25>         |   13.497|
ADD<1>         |DO<26>         |   13.571|
ADD<1>         |DO<27>         |   13.503|
ADD<1>         |DO<28>         |   13.464|
ADD<1>         |DO<29>         |   13.786|
ADD<1>         |DO<30>         |   11.777|
ADD<1>         |DO<31>         |   11.906|
ADD<2>         |DO<0>          |    9.162|
ADD<2>         |DO<1>          |    8.742|
ADD<2>         |DO<2>          |    9.310|
ADD<2>         |DO<3>          |    9.187|
ADD<2>         |DO<4>          |    9.467|
ADD<2>         |DO<5>          |    9.371|
ADD<2>         |DO<6>          |   10.634|
ADD<2>         |DO<7>          |   10.746|
ADD<2>         |DO<8>          |   10.805|
ADD<2>         |DO<9>          |   10.874|
ADD<2>         |DO<10>         |   10.841|
ADD<2>         |DO<11>         |   10.746|
ADD<2>         |DO<12>         |   11.163|
ADD<2>         |DO<13>         |   11.042|
ADD<2>         |DO<14>         |   11.433|
ADD<2>         |DO<15>         |   11.277|
ADD<2>         |DO<16>         |   11.590|
ADD<2>         |DO<17>         |   11.506|
ADD<2>         |DO<18>         |   11.780|
ADD<2>         |DO<19>         |   11.685|
ADD<2>         |DO<20>         |   12.004|
ADD<2>         |DO<21>         |   11.919|
ADD<2>         |DO<22>         |   12.191|
ADD<2>         |DO<23>         |   12.434|
ADD<2>         |DO<24>         |   12.251|
ADD<2>         |DO<25>         |   12.461|
ADD<2>         |DO<26>         |   12.307|
ADD<2>         |DO<27>         |   12.239|
ADD<2>         |DO<28>         |   12.121|
ADD<2>         |DO<29>         |   12.443|
ADD<2>         |DO<30>         |   11.477|
ADD<2>         |DO<31>         |   11.606|
ADD<3>         |DO<0>          |    9.058|
ADD<3>         |DO<1>          |    8.638|
ADD<3>         |DO<2>          |    8.945|
ADD<3>         |DO<3>          |    8.822|
ADD<3>         |DO<4>          |    9.160|
ADD<3>         |DO<5>          |    9.064|
ADD<3>         |DO<6>          |   10.705|
ADD<3>         |DO<7>          |   10.817|
ADD<3>         |DO<8>          |   11.020|
ADD<3>         |DO<9>          |   11.089|
ADD<3>         |DO<10>         |   11.075|
ADD<3>         |DO<11>         |   10.980|
ADD<3>         |DO<12>         |   11.589|
ADD<3>         |DO<13>         |   11.468|
ADD<3>         |DO<14>         |   11.626|
ADD<3>         |DO<15>         |   11.470|
ADD<3>         |DO<16>         |   11.942|
ADD<3>         |DO<17>         |   11.858|
ADD<3>         |DO<18>         |   12.023|
ADD<3>         |DO<19>         |   11.928|
ADD<3>         |DO<20>         |   12.413|
ADD<3>         |DO<21>         |   12.328|
ADD<3>         |DO<22>         |   12.433|
ADD<3>         |DO<23>         |   12.676|
ADD<3>         |DO<24>         |   12.432|
ADD<3>         |DO<25>         |   12.642|
ADD<3>         |DO<26>         |   12.706|
ADD<3>         |DO<27>         |   12.638|
ADD<3>         |DO<28>         |   12.529|
ADD<3>         |DO<29>         |   12.851|
ADD<3>         |DO<30>         |   11.203|
ADD<3>         |DO<31>         |   11.332|
ADD<4>         |DO<0>          |    9.064|
ADD<4>         |DO<1>          |    8.644|
ADD<4>         |DO<2>          |    9.106|
ADD<4>         |DO<3>          |    8.983|
ADD<4>         |DO<4>          |    9.316|
ADD<4>         |DO<5>          |    9.220|
ADD<4>         |DO<6>          |   10.735|
ADD<4>         |DO<7>          |   10.847|
ADD<4>         |DO<8>          |   10.826|
ADD<4>         |DO<9>          |   10.895|
ADD<4>         |DO<10>         |   11.041|
ADD<4>         |DO<11>         |   10.946|
ADD<4>         |DO<12>         |   11.406|
ADD<4>         |DO<13>         |   11.285|
ADD<4>         |DO<14>         |   11.652|
ADD<4>         |DO<15>         |   11.496|
ADD<4>         |DO<16>         |   11.594|
ADD<4>         |DO<17>         |   11.510|
ADD<4>         |DO<18>         |   11.959|
ADD<4>         |DO<19>         |   11.864|
ADD<4>         |DO<20>         |   12.226|
ADD<4>         |DO<21>         |   12.141|
ADD<4>         |DO<22>         |   12.418|
ADD<4>         |DO<23>         |   12.661|
ADD<4>         |DO<24>         |   12.453|
ADD<4>         |DO<25>         |   12.663|
ADD<4>         |DO<26>         |   12.656|
ADD<4>         |DO<27>         |   12.588|
ADD<4>         |DO<28>         |   12.513|
ADD<4>         |DO<29>         |   12.835|
ADD<4>         |DO<30>         |   11.369|
ADD<4>         |DO<31>         |   11.498|
---------------+---------------+---------+


Analysis completed Mon Mar 14 14:49:55 2022 
--------------------------------------------------------------------------------

Trace Settings:
-------------------------
Trace Settings 

Peak Memory Usage: 4597 MB



