Release 14.7 - xst P.20131013 (nt64)
Copyright (c) 1995-2013 Xilinx, Inc.  All rights reserved.
--> Parameter TMPDIR set to xst/projnav.tmp


Total REAL time to Xst completion: 0.00 secs
Total CPU time to Xst completion: 0.20 secs
 
--> Parameter xsthdpdir set to xst


Total REAL time to Xst completion: 0.00 secs
Total CPU time to Xst completion: 0.20 secs
 
--> Reading design: RAM32X32S.prj

TABLE OF CONTENTS
  1) Synthesis Options Summary
  2) HDL Parsing
  3) HDL Elaboration
  4) HDL Synthesis
       4.1) HDL Synthesis Report
  5) Advanced HDL Synthesis
       5.1) Advanced HDL Synthesis Report
  6) Low Level Synthesis
  7) Partition Report
  8) Design Summary
       8.1) Primitive and Black Box Usage
       8.2) Device utilization summary
       8.3) Partition Resource Summary
       8.4) Timing Report
            8.4.1) Clock Information
            8.4.2) Asynchronous Control Signals Information
            8.4.3) Timing Summary
            8.4.4) Timing Details
            8.4.5) Cross Clock Domains Report


=========================================================================
*                      Synthesis Options Summary                        *
=========================================================================
---- Source Parameters
Input File Name                    : "RAM32X32S.prj"
Ignore Synthesis Constraint File   : NO

---- Target Parameters
Output File Name                   : "RAM32X32S"
Output Format                      : NGC
Target Device                      : xc6slx25-2-ftg256

---- Source Options
Top Module Name                    : RAM32X32S
Automatic FSM Extraction           : YES
FSM Encoding Algorithm             : Auto
Safe Implementation                : No
FSM Style                          : LUT
RAM Extraction                     : Yes
RAM Style                          : Auto
ROM Extraction                     : Yes
Shift Register Extraction          : YES
ROM Style                          : Auto
Resource Sharing                   : YES
Asynchronous To Synchronous        : NO
Shift Register Minimum Size        : 2
Use DSP Block                      : Auto
Automatic Register Balancing       : No

---- Target Options
LUT Combining                      : Auto
Reduce Control Sets                : Auto
Add IO Buffers                     : YES
Global Maximum Fanout              : 100000
Add Generic Clock Buffer(BUFG)     : 16
Register Duplication               : YES
Optimize Instantiated Primitives   : NO
Use Clock Enable                   : Auto
Use Synchronous Set                : Auto
Use Synchronous Reset              : Auto
Pack IO Registers into IOBs        : Auto
Equivalent register Removal        : YES

---- General Options
Optimization Goal                  : Speed
Optimization Effort                : 1
Power Reduction                    : NO
Keep Hierarchy                     : No
Netlist Hierarchy                  : As_Optimized
RTL Output                         : Yes
Global Optimization                : AllClockNets
Read Cores                         : YES
Write Timing Constraints           : NO
Cross Clock Analysis               : NO
Hierarchy Separator                : /
Bus Delimiter                      : <>
Case Specifier                     : Maintain
Slice Utilization Ratio            : 100
BRAM Utilization Ratio             : 100
DSP48 Utilization Ratio            : 100
Auto BRAM Packing                  : NO
Slice Utilization Ratio Delta      : 5

=========================================================================


=========================================================================
*                          HDL Parsing                                  *
=========================================================================
Parsing VHDL file "E:\adlx\B6\Home_S25\RAM32X32S.vhd" into library work
Parsing entity <RAM32X8S_MXILINX_slave_monitor>.
Parsing architecture <BEHAVIORAL> of entity <ram32x8s_mxilinx_slave_monitor>.
Parsing entity <RAM32X32S>.
Parsing architecture <Behavioral> of entity <ram32x32s>.

=========================================================================
*                            HDL Elaboration                            *
=========================================================================

Elaborating entity <RAM32X32S> (architecture <Behavioral>) from library <work>.

Elaborating entity <RAM32X8S_MXILINX_slave_monitor> (architecture <BEHAVIORAL>) from library <work>.

=========================================================================
*                           HDL Synthesis                               *
=========================================================================

Synthesizing Unit <RAM32X32S>.
    Related source file is "E:\adlx\B6\Home_S25\RAM32X32S.vhd".
    Summary:
	no macro.
Unit <RAM32X32S> synthesized.

Synthesizing Unit <RAM32X8S_MXILINX_slave_monitor>.
    Related source file is "E:\adlx\B6\Home_S25\RAM32X32S.vhd".
    Set property "INIT = 00000000" for instance <O0>.
    Set property "INIT = 00000000" for instance <O1>.
    Set property "INIT = 00000000" for instance <O2>.
    Set property "INIT = 00000000" for instance <O3>.
    Set property "INIT = 00000000" for instance <O4>.
    Set property "INIT = 00000000" for instance <O5>.
    Set property "INIT = 00000000" for instance <O6>.
    Set property "INIT = 00000000" for instance <O7>.
    Summary:
	no macro.
Unit <RAM32X8S_MXILINX_slave_monitor> synthesized.

=========================================================================
HDL Synthesis Report

Found no macro
=========================================================================

=========================================================================
*                       Advanced HDL Synthesis                          *
=========================================================================


=========================================================================
Advanced HDL Synthesis Report

Found no macro
=========================================================================

=========================================================================
*                         Low Level Synthesis                           *
=========================================================================

Optimizing unit <RAM32X32S> ...

Optimizing unit <RAM32X8S_MXILINX_slave_monitor> ...

Mapping all equations...
Building and optimizing final netlist ...
Found area constraint ratio of 100 (+ 5) on block RAM32X32S, actual ratio is 0.

Final Macro Processing ...

=========================================================================
Final Register Report

Found no macro
=========================================================================

=========================================================================
*                           Partition Report                            *
=========================================================================

Partition Implementation Status
-------------------------------

  No Partitions were found in this design.

-------------------------------

=========================================================================
*                            Design Summary                             *
=========================================================================

Top Level Output File Name         : RAM32X32S.ngc

Primitive and Black Box Usage:
------------------------------
# RAMS                             : 32
#      RAM32X1S                    : 32
# Clock Buffers                    : 1
#      BUFGP                       : 1
# IO Buffers                       : 70
#      IBUF                        : 38
#      OBUF                        : 32

Device utilization summary:
---------------------------

Selected Device : 6slx25ftg256-2 


Slice Logic Utilization: 
 Number of Slice LUTs:                   32  out of  15032     0%  
    Number used as Memory:               32  out of   3664     0%  
       Number used as RAM:               32

Slice Logic Distribution: 
 Number of LUT Flip Flop pairs used:     32
   Number with an unused Flip Flop:      32  out of     32   100%  
   Number with an unused LUT:             0  out of     32     0%  
   Number of fully used LUT-FF pairs:     0  out of     32     0%  
   Number of unique control sets:         0

IO Utilization: 
 Number of IOs:                          71
 Number of bonded IOBs:                  71  out of    186    38%  

Specific Feature Utilization:
 Number of BUFG/BUFGCTRLs:                1  out of     16     6%  

---------------------------
Partition Resource Summary:
---------------------------

  No Partitions were found in this design.

---------------------------


=========================================================================
Timing Report

NOTE: THESE TIMING NUMBERS ARE ONLY A SYNTHESIS ESTIMATE.
      FOR ACCURATE TIMING INFORMATION PLEASE REFER TO THE TRACE REPORT
      GENERATED AFTER PLACE-and-ROUTE.

Clock Information:
------------------
-----------------------------------+------------------------+-------+
Clock Signal                       | Clock buffer(FF name)  | Load  |
-----------------------------------+------------------------+-------+
CLK                                | BUFGP                  | 32    |
-----------------------------------+------------------------+-------+

Asynchronous Control Signals Information:
----------------------------------------
No asynchronous control signals found in this design

Timing Summary:
---------------
Speed Grade: -2

   Minimum period: No path found
   Minimum input arrival time before clock: 3.216ns
   Maximum output required time after clock: 4.605ns
   Maximum combinational path delay: 6.675ns

Timing Details:
---------------
All values displayed in nanoseconds (ns)

=========================================================================
Timing constraint: Default OFFSET IN BEFORE for Clock 'CLK'
  Total number of paths / destination ports: 224 / 224
-------------------------------------------------------------------------
Offset:              3.216ns (Levels of Logic = 1)
  Source:            WE (PAD)
  Destination:       ram11/O7 (RAM)
  Destination Clock: CLK rising

  Data Path: WE to ram11/O7
                                Gate     Net
    Cell:in->out      fanout   Delay   Delay  Logical Name (Net Name)
    ----------------------------------------  ------------
     IBUF:I->O            32   1.328   1.519  WE_IBUF (WE_IBUF)
     RAM32X1S:WE               0.369          ram11/O0
    ----------------------------------------
    Total                      3.216ns (1.697ns logic, 1.519ns route)
                                       (52.8% logic, 47.2% route)

=========================================================================
Timing constraint: Default OFFSET OUT AFTER for Clock 'CLK'
  Total number of paths / destination ports: 32 / 32
-------------------------------------------------------------------------
Offset:              4.605ns (Levels of Logic = 1)
  Source:            ram11/O7 (RAM)
  Destination:       DO<31> (PAD)
  Source Clock:      CLK rising

  Data Path: ram11/O7 to DO<31>
                                Gate     Net
    Cell:in->out      fanout   Delay   Delay  Logical Name (Net Name)
    ----------------------------------------  ------------
     RAM32X1S:WCLK->O      1   1.012   0.681  ram11/O7 (DO_31_OBUF)
     OBUF:I->O                 2.912          DO_31_OBUF (DO<31>)
    ----------------------------------------
    Total                      4.605ns (3.924ns logic, 0.681ns route)
                                       (85.2% logic, 14.8% route)

=========================================================================
Timing constraint: Default path analysis
  Total number of paths / destination ports: 160 / 32
-------------------------------------------------------------------------
Delay:               6.675ns (Levels of Logic = 3)
  Source:            ADD<0> (PAD)
  Destination:       DO<31> (PAD)

  Data Path: ADD<0> to DO<31>
                                Gate     Net
    Cell:in->out      fanout   Delay   Delay  Logical Name (Net Name)
    ----------------------------------------  ------------
     IBUF:I->O            32   1.328   1.519  ADD_0_IBUF (ADD_0_IBUF)
     RAM32X1S:A0->O        1   0.235   0.681  ram11/O0 (DO_24_OBUF)
     OBUF:I->O                 2.912          DO_24_OBUF (DO<24>)
    ----------------------------------------
    Total                      6.675ns (4.475ns logic, 2.200ns route)
                                       (67.0% logic, 33.0% route)

=========================================================================

Cross Clock Domains Report:
--------------------------

=========================================================================


Total REAL time to Xst completion: 5.00 secs
Total CPU time to Xst completion: 5.80 secs
 
--> 

Total memory usage is 4502360 kilobytes

Number of errors   :    0 (   0 filtered)
Number of warnings :    0 (   0 filtered)
Number of infos    :    0 (   0 filtered)

